
Copyright (C) 1994-2020 Synopsys, Inc.
This Synopsys software and all associated documentation are proprietary to Synopsys, Inc.
and may only be used pursuant to the terms and conditions of a written license agreement
with Synopsys, Inc. All other use, reproduction, modification, or distribution of the
Synopsys software or the associated documentation is strictly prohibited.
Tool: Synplify Pro (R)
Build: Q-2020.03L-SP1
Install: C:\lscc\diamond\3.12\synpbase
OS: Windows 6.2

Hostname: LAPTOP-BQ95DNMF

Implementation : xo3l_verilog
Synopsys HDL compiler and linker, Version comp202003synp2, Build 182R, Built Oct 29 2020 10:49:53, @

Modified Files: 1
FID:  path (prevtimestamp, timestamp)
47       C:\Users\Miguel Estrada\Documents\GitHub\source\verilog\colorbar_gen.v (2022-02-17 15:30:08, 2022-02-18 17:59:56)

*******************************************************************
Modules that may have changed as a result of file changes: 1
MID:  lib.cell.view
6        work.colorbar_gen.verilog may have changed because the following files changed:
                        C:\Users\Miguel Estrada\Documents\GitHub\source\verilog\colorbar_gen.v (2022-02-17 15:30:08, 2022-02-18 17:59:56) <-- (module definition)

*******************************************************************
Unmodified files: 25
FID:  path (timestamp)
42       C:\Users\Miguel Estrada\Documents\GitHub\project\xo3l\verilog\Commando_Inicial.v (2022-02-17 19:28:23)
43       C:\Users\Miguel Estrada\Documents\GitHub\project\xo3l\verilog\DataFlow_Switch.v (2022-02-15 15:48:28)
44       C:\Users\Miguel Estrada\Documents\GitHub\project\xo3l\verilog\Mux_mod.v (2022-02-16 16:41:33)
60       C:\Users\Miguel Estrada\Documents\GitHub\project\xo3l\verilog\PLL_12_24_100.v (2022-02-18 16:32:02)
61       C:\Users\Miguel Estrada\Documents\GitHub\project\xo3l\verilog\Serial_Protocol.v (2022-02-18 13:42:04)
45       C:\Users\Miguel Estrada\Documents\GitHub\source\verilog\../../source/verilog/compiler_directives.v (2022-02-15 15:52:17)
46       C:\Users\Miguel Estrada\Documents\GitHub\source\verilog\byte_packetizer.v (2022-02-15 12:03:12)
48       C:\Users\Miguel Estrada\Documents\GitHub\source\verilog\compiler_directives.v (2022-02-15 15:52:17)
49       C:\Users\Miguel Estrada\Documents\GitHub\source\verilog\crc16_2lane_bb.v (2022-02-15 12:03:12)
50       C:\Users\Miguel Estrada\Documents\GitHub\source\verilog\dcs_encoder.v (2022-02-15 12:03:12)
51       C:\Users\Miguel Estrada\Documents\GitHub\source\verilog\dcs_rom.v (2022-02-17 16:02:24)
52       C:\Users\Miguel Estrada\Documents\GitHub\source\verilog\dphy_tx_inst.v (2022-02-15 12:03:12)
53       C:\Users\Miguel Estrada\Documents\GitHub\source\verilog\io_controller_tx.v (2022-02-15 12:03:12)
54       C:\Users\Miguel Estrada\Documents\GitHub\source\verilog\lp_hs_dly_ctrl.v (2022-02-15 12:03:12)
55       C:\Users\Miguel Estrada\Documents\GitHub\source\verilog\packetheader_bb.v (2022-02-15 12:03:12)
56       C:\Users\Miguel Estrada\Documents\GitHub\source\verilog\parallel2byte_bb.v (2022-02-15 12:03:12)
57       C:\Users\Miguel Estrada\Documents\GitHub\source\verilog\top.v (2022-02-18 17:34:41)
58       C:\Users\Miguel Estrada\Documents\GitHub\source\verilog\xo3l\ipexpress\pll_pix2byte_RGB888_2lane.v (2022-02-18 16:30:04)
59       C:\Users\Miguel Estrada\Documents\GitHub\source\verilog\xo3l\oddrx4.v (2022-02-15 12:03:12)
15       C:\lscc\diamond\3.12\synpbase\lib\lucent\machxo3l.v (2020-10-29 10:20:54)
16       C:\lscc\diamond\3.12\synpbase\lib\lucent\pmi_def.v (2020-10-29 10:20:54)
17       C:\lscc\diamond\3.12\synpbase\lib\vlog\hypermods.v (2020-10-29 10:23:10)
18       C:\lscc\diamond\3.12\synpbase\lib\vlog\scemi_objects.v (2020-10-29 10:23:10)
19       C:\lscc\diamond\3.12\synpbase\lib\vlog\scemi_pipes.svh (2020-10-29 10:23:10)
20       C:\lscc\diamond\3.12\synpbase\lib\vlog\umr_capim.v (2020-10-29 10:23:10)

*******************************************************************
Unchanged modules: 17
MID:  lib.cell.view
0        work.BYTE_PACKETIZER.verilog
13       work.Commando_Inicial.verilog
1        work.DCS_Encoder.verilog
2        work.DCS_ROM.verilog
3        work.DPHY_TX_INST.verilog
14       work.DataFlow_Switch.verilog
4        work.IO_Controller_TX.verilog
5        work.LP_HS_DELAY_CNTRL.verilog
15       work.Mux_mod.verilog
16       work.PLL_12_24_100.verilog
17       work.Serial_Protocol.verilog
7        work.crc16_2lane.verilog
8        work.oDDRx4.verilog
9        work.packetheader.verilog
10       work.parallel2byte.verilog
11       work.pll_pix2byte_RGB888_2lane.verilog
12       work.top.verilog
